<?xml version="1.0" encoding="UTF-8"?>
<testng-results skipped="0" failed="0" ignored="0" total="1" passed="1">
  <reporter-output>
  </reporter-output>
  <suite name="Default suite" duration-ms="33056" started-at="2019-09-09T21:31:12 IST" finished-at="2019-09-09T21:31:45 IST">
    <groups>
    </groups>
    <test name="Default test" duration-ms="33056" started-at="2019-09-09T21:31:12 IST" finished-at="2019-09-09T21:31:45 IST">
      <class name="macys.testscript">
        <test-method status="PASS" signature="bfrcls()[pri:0, instance:macys.testscript@2b552920]" name="bfrcls" is-config="true" duration-ms="13537" started-at="2019-09-09T21:31:12 IST" finished-at="2019-09-09T21:31:26 IST">
          <reporter-output>
          </reporter-output>
        </test-method> <!-- bfrcls -->
        <test-method status="PASS" signature="bfrmtd()[pri:0, instance:macys.testscript@2b552920]" name="bfrmtd" is-config="true" duration-ms="0" started-at="2019-09-09T21:31:26 IST" finished-at="2019-09-09T21:31:26 IST">
          <reporter-output>
          </reporter-output>
        </test-method> <!-- bfrmtd -->
        <test-method status="PASS" signature="macysapp()[pri:0, instance:macys.testscript@2b552920]" name="macysapp" duration-ms="19452" started-at="2019-09-09T21:31:26 IST" finished-at="2019-09-09T21:31:45 IST">
          <reporter-output>
          </reporter-output>
        </test-method> <!-- macysapp -->
      </class> <!-- macys.testscript -->
    </test> <!-- Default test -->
  </suite> <!-- Default suite -->
</testng-results>
